Reading netlist file: "C:\Users\User Name\OneDrive\Escritorio\Verilog\Mis programas\mis programas\impl\gwsynthesis\mis programas.vg"
Parsing netlist file "C:\Users\User Name\OneDrive\Escritorio\Verilog\Mis programas\mis programas\impl\gwsynthesis\mis programas.vg" completed
Processing netlist completed
Reading constraint file: "C:\Users\User Name\OneDrive\Escritorio\Verilog\Mis programas\mis programas\src\mis programas.cst"
Physical Constraint parsed completed
Running placement......
[10%] Placement Phase 0 completed
[20%] Placement Phase 1 completed
[30%] Placement Phase 2 completed
[50%] Placement Phase 3 completed
Running routing......
[60%] Routing Phase 0 completed
[70%] Routing Phase 1 completed
[80%] Routing Phase 2 completed
WARN  (PR1014) : Generic routing resource will be used to clock signal 'clk_d' by the specified constraint. And then it may lead to the excessive delay or skew
[90%] Routing Phase 3 completed
Running timing analysis......
[95%] Timing analysis completed
Placement and routing completed
Bitstream generation in progress......
Bitstream generation completed
Generate file "C:\Users\User Name\OneDrive\Escritorio\Verilog\Mis programas\mis programas\impl\pnr\mis programas.pin.html" completed
Generate file "C:\Users\User Name\OneDrive\Escritorio\Verilog\Mis programas\mis programas\impl\pnr\mis programas.rpt.html" completed
Generate file "C:\Users\User Name\OneDrive\Escritorio\Verilog\Mis programas\mis programas\impl\pnr\mis programas.rpt.txt" completed
Generate file "C:\Users\User Name\OneDrive\Escritorio\Verilog\Mis programas\mis programas\impl\pnr\mis programas.tr.html" completed
Mon Jun 10 16:44:00 2024

