GowinSynthesis start
Running parser ...
Analyzing Verilog file 'C:\Users\User Name\OneDrive\Escritorio\Verilog\Mis programas\mis programas\src\Encendido de los led.v'
Compiling module 'controlador_leds'("C:\Users\User Name\OneDrive\Escritorio\Verilog\Mis programas\mis programas\src\Encendido de los led.v":1)
WARN  (EX3791) : Expression size 4 truncated to fit in target size 3("C:\Users\User Name\OneDrive\Escritorio\Verilog\Mis programas\mis programas\src\Encendido de los led.v":21)
NOTE  (EX0101) : Current top module is "controlador_leds"
[5%] Running netlist conversion ...
Running device independent optimization ...
[10%] Optimizing Phase 0 completed
[15%] Optimizing Phase 1 completed
[25%] Optimizing Phase 2 completed
Running inference ...
[30%] Inferring Phase 0 completed
[40%] Inferring Phase 1 completed
[50%] Inferring Phase 2 completed
[55%] Inferring Phase 3 completed
Running technical mapping ...
[60%] Tech-Mapping Phase 0 completed
[65%] Tech-Mapping Phase 1 completed
[75%] Tech-Mapping Phase 2 completed
[80%] Tech-Mapping Phase 3 completed
[90%] Tech-Mapping Phase 4 completed
[95%] Generate netlist file "C:\Users\User Name\OneDrive\Escritorio\Verilog\Mis programas\mis programas\impl\gwsynthesis\mis programas.vg" completed
[100%] Generate report file "C:\Users\User Name\OneDrive\Escritorio\Verilog\Mis programas\mis programas\impl\gwsynthesis\mis programas_syn.rpt.html" completed
GowinSynthesis finish
